<?xml version="1.0" encoding="utf-8"?><testsuites name="pytest tests"><testsuite name="pytest" errors="0" failures="0" skipped="0" tests="6" time="0.752" timestamp="2026-04-23T21:30:19.718636+00:00" hostname="agent-env-1f98f4ed-fa43-4089-adea-2961530579ab"><testcase classname="tests.backend_test.TestRoot" name="test_root_welcome" time="0.269" /><testcase classname="tests.backend_test.TestEvents" name="test_events_shape" time="0.059" /><testcase classname="tests.backend_test.TestJoin" name="test_join_create_valid" time="0.057" /><testcase classname="tests.backend_test.TestJoin" name="test_join_invalid_email" time="0.052" /><testcase classname="tests.backend_test.TestJoin" name="test_join_missing_required" time="0.146" /><testcase classname="tests.backend_test.TestJoin" name="test_join_list_persistence_and_no_id_leak" time="0.101" /></testsuite></testsuites>